C51 COMPILER V9.57.0.0   MAIN                                                              10/31/2021 10:59:44 PAGE 1   


C51 COMPILER V9.57.0.0, COMPILATION OF MODULE MAIN
OBJECT MODULE PLACED IN main.OBJ
COMPILER INVOKED BY: E:\APP\keil5\KEIL_5\C51\BIN\C51.EXE main.c OPTIMIZE(8,SPEED) BROWSE DEBUG OBJECTEXTEND TABS(2)

line level    source

   1          /***************************************************************************
   2          实验名称： 流水灯实验  移位函数实现
   3          ***************************************************************************/
   4          
   5          #include<intrins.h>
   6          #include<reg52.h>
   7          #define uchar unsigned char 
   8          #define uint unsigned int
   9          
  10          void mDelay(uint Delay)    //延时
  11          { uint i;
  12   1        for(;Delay > 0;Delay--)
  13   1          for(i = 0;i < 110;i++);
  14   1      }
  15          
  16          void main(void)
  17          {
  18   1        unsigned char i;
  19   1        while(1)
  20   1        {
  21   2          P0 = 0xfe;
  22   2          for(i = 0;i < 8;i++)        //流水灯一共8只，实现1到8只流水灯的循环
  23   2          {
  24   3            P0 = P0<<1+1;       //实现输出
  25   3            mDelay(100);            //100ms的延迟
  26   3          }
  27   2        }
  28   1      }


MODULE INFORMATION:   STATIC OVERLAYABLE
   CODE SIZE        =     57    ----
   CONSTANT SIZE    =   ----    ----
   XDATA SIZE       =   ----    ----
   PDATA SIZE       =   ----    ----
   DATA SIZE        =   ----    ----
   IDATA SIZE       =   ----    ----
   BIT SIZE         =   ----    ----
END OF MODULE INFORMATION.


C51 COMPILATION COMPLETE.  0 WARNING(S),  0 ERROR(S)
