C51 COMPILER V9.57.0.0   __________                                                        10/26/2021 15:38:23 PAGE 1   


C51 COMPILER V9.57.0.0, COMPILATION OF MODULE __________
OBJECT MODULE PLACED IN 外中断实验.OBJ
COMPILER INVOKED BY: E:\APP\keil5\KEIL_5\C51\BIN\C51.EXE 外中断实验.c OPTIMIZE(8,SPEED) BROWSE DEBUG OBJECTEXTEND TABS(2
                    -)

line level    source

   1              /*************************************************************************** ????: ??????
   2          ????:  51?????????????????????
   3          ????: 51??????------??????????????
   4                                  P1---------J4                                                   P3.2---------K1   
             -                     ????:????K1,LED???????????
   5          ????:2017.10.17 ***************************************************************************/
   6          #include<reg52.h>   //?????
   7          #include<stdio.h>   
   8          #define uint unsigned int 
   9          #define uchar unsigned char 
  10            uint a = 0xFF; 
  11          
  12          void mDelay(uint Delay)   //?óê± 
  13          {   uint i;    
  14   1        for(;Delay>0;Delay--)        
  15   1           for(i=0;i<110;i++);
  16   1      } 
  17          
  18          void main(void) 
  19          {       
  20   1      uchar display[9]={0xff,0xfe,0xfd,0xfb,0xf7,0xef,0xdf,0xbf,0x7f};    
  21   1      uint i;    
  22   1      //IE = 0x81;        //??????0    
  23   1      //IT0 = 1;      //????0,??????,???????    
  24   1      while(1){            
  25   2      IE=10000101;    //p169            
  26   2      IT0=1;            
  27   2      IT1=1;            
  28   2      PX0=0;  //外部中断0为低优先级            
  29   2      PX1=1;  //外部中断1为高优先级            //高优先级打断低优先级            
  30   2      for (i=0; i <= 8; i++) {    //流水灯                
  31   3      mDelay(500);                
  32   3      P0=display[i];               
  33   3       //mDelay(500);           
  34   3       }           
  35   2       //i=0;    
  36   2      } 
  37   1      }
  38          void INIT_0(void) interrupt 0       //?D??0     p3.2    高闪低灭,高灭低闪
  39          {    
  40   1      uchar i;
  41   1       for(i=0;i<3;i++){       
  42   2       mDelay(500);        
  43   2      P0=0x0f;        
  44   2      mDelay(500);        
  45   2      P0=0xf0;    
  46   2      }
  47   1      }
  48           void INIT_1(void) interrupt 2       //?D??1     p3.3    全闪全灭
  49           {    
  50   1      uchar i;    
  51   1      for(i=0;i<3;i++){        
  52   2      P0=0xff;        
  53   2      mDelay(500);        
C51 COMPILER V9.57.0.0   __________                                                        10/26/2021 15:38:23 PAGE 2   

  54   2      P0=0x00;        
  55   2      mDelay(500);    
  56   2      }
  57   1       }


MODULE INFORMATION:   STATIC OVERLAYABLE
   CODE SIZE        =    191    ----
   CONSTANT SIZE    =      9    ----
   XDATA SIZE       =   ----    ----
   PDATA SIZE       =   ----    ----
   DATA SIZE        =      2       9
   IDATA SIZE       =   ----    ----
   BIT SIZE         =   ----    ----
END OF MODULE INFORMATION.


C51 COMPILATION COMPLETE.  0 WARNING(S),  0 ERROR(S)
