C51 COMPILER V9.57.0.0   MAIN                                                              10/13/2021 22:48:02 PAGE 1   


C51 COMPILER V9.57.0.0, COMPILATION OF MODULE MAIN
OBJECT MODULE PLACED IN .\Objects\main.obj
COMPILER INVOKED BY: E:\APP\keil5\KEIL_5\C51\BIN\C51.EXE main.c OPTIMIZE(8,SPEED) BROWSE DEBUG OBJECTEXTEND PRINT(.\List
                    -ings\main.lst) TABS(2) OBJECT(.\Objects\main.obj)

line level    source

   1          /*
   2          ************************************************
   3                           数码管
   4          ************************************************
   5          */
   6          
   7          #include<reg52.h>
   8          
   9          #define uchar unsigned char
  10          #define uint unsigned int
  11            
  12          // 共阳极数码管1-f{0xc0,0xf9,0xa4,0xb0,0x99,0x92,0x82,0xf8,0x80,0x90,0x88,0x83,0xc6,0xa1,0x86,0x8e};
  13          // 共阴极数码管1-f{0x3f,0x06,0x5b,0x4f,0x66,0x6d,0x7d,0x07,0x7f,0x6f,0x77,0x7c,0x39,0x5e,0x79,0x71};
  14          uchar value[] = {0x06,0x6f,0x3f,0x3f,0x4f,0x06,0x3f,0x5b,0x5b,0x4f};//学号1900310223
  15          uchar select[] = {0x01,0x02,0x04,0x08,0x10,0x20,0x40,0x80};//位选
  16          
  17          void delay(uchar t)
  18          {
  19   1        while(t--)
  20   1        {
  21   2          
  22   2        }
  23   1      }
  24          
  25          void display1()
  26          {
  27   1        uchar i;
  28   1        for(i=0;i<8;i++)
  29   1        {
  30   2          P2 = select[i];
  31   2          P0 = value[i+2];
  32   2          delay(100);
  33   2          P0 = 0x00;
  34   2        }
  35   1      }
  36          void display2()
  37          {
  38   1        uchar i,j,d;
  39   1        d = 0;
  40   1        while(1)
  41   1        {
  42   2          for(j=0;j<100;j++)
  43   2          {
  44   3            for(i=0;i<8;i++)
  45   3            {
  46   4              P2 = select[i];
  47   4              P0 = value[i+d];
  48   4              delay(100);
  49   4              P0 = 0x00;
  50   4            }
  51   3          }
  52   2          d++;
  53   2          if(d==2)
  54   2          {
C51 COMPILER V9.57.0.0   MAIN                                                              10/13/2021 22:48:02 PAGE 2   

  55   3            d=0;
  56   3          }
  57   2        }
  58   1        
  59   1      }
  60          void mian()
  61          {
  62   1        while(1)
  63   1        {
  64   2          display1();
  65   2          display2();
  66   2        }
  67   1      }


MODULE INFORMATION:   STATIC OVERLAYABLE
   CODE SIZE        =     83    ----
   CONSTANT SIZE    =   ----    ----
   XDATA SIZE       =   ----    ----
   PDATA SIZE       =   ----    ----
   DATA SIZE        =     18    ----
   IDATA SIZE       =   ----    ----
   BIT SIZE         =   ----    ----
END OF MODULE INFORMATION.


C51 COMPILATION COMPLETE.  0 WARNING(S),  0 ERROR(S)
