C51 COMPILER V9.00   DONGSHU                                                               10/29/2021 15:33:39 PAGE 1   


C51 COMPILER V9.00, COMPILATION OF MODULE DONGSHU
OBJECT MODULE PLACED IN .\Objects\dongshu.obj
COMPILER INVOKED BY: C:\Keil_v5\C51\BIN\C51.EXE dongshu.c OPTIMIZE(8,SPEED) BROWSE DEBUG OBJECTEXTEND PRINT(.\Listings\d
                    -ongshu.lst) TABS(2) OBJECT(.\Objects\dongshu.obj)

line level    source

   1          #include<reg52.h> 
   2          #define uchar unsigned char   //宏定义，为方便编程
   3          #define uint unsigned int
   4          #define DIGI P0         //宏定义，将P0口定义为数码管段选接口
   5          #define SELECT P2         //宏定义，将P2定义为数码管选择口
   6          
   7          uint number=0;
   8          
   9          uchar digivalue[]={0x3F,0x06,0x5B,0x4F,0x66,0x6D,0x7D,0x07,0x7f,0x6f};
  10          //uchar digivalue[]={0x3F,0x06,0x5B,0x4F,0x66,0x6D,0x7D,0x07};
  11          //显示的数字数组，依次为0，1，..，7
  12          uchar select[]={0x01,0x02,0x04,0x08,0x10,0x20,0x40,0x80}; //选择数码管数组，依次选择1，2，..，8
  13          
  14          void delay() //延迟函数，决定数码管跳变的间隔时间
  15          { 
  16   1        uchar ii=200; //若发现数码管闪烁，调节这里即可
  17   1        while(ii--);
  18   1      }
  19          
  20          void timer0Init(){
  21   1        TMOD=0x01;
  22   1        TH0=0xDB;
  23   1        TL0=0xFF;
  24   1        EA=1;
  25   1        ET0=1;
  26   1        TR0=1;
  27   1      }
  28          
  29          void display(){
  30   1        uchar i=0;
  31   1        while(1)       //00310209
  32   1        { 
  33   2          for(i=0;i<2;i++)    //8个数码管轮流显示
  34   2          {
  35   3            switch(i)
  36   3            {
  37   4              case 0:SELECT=select[i]; DIGI=digivalue[number%10];break;
  38   4              case 1:SELECT=select[i]; DIGI=digivalue[number/10];break;
  39   4              
  40   4              
  41   4            }
  42   3              //选择第i个数码管
  43   3            //DIGI=0x90;
  44   3              //显示i
  45   3            delay();
  46   3          } 
  47   2        }
  48   1      }
  49          
  50          main() //主函数
  51          {
  52   1        
  53   1        timer0Init();
  54   1        display();
C51 COMPILER V9.00   DONGSHU                                                               10/29/2021 15:33:39 PAGE 2   

  55   1      }
  56          
  57          void time0() interrupt 1
  58          {
  59   1        if(number>99){
  60   2          number=0;
  61   2        }
  62   1        number++;
  63   1      }
*** WARNING C290 IN LINE 55 OF DONGSHU.C: missing return value


MODULE INFORMATION:   STATIC OVERLAYABLE
   CODE SIZE        =    131    ----
   CONSTANT SIZE    =   ----    ----
   XDATA SIZE       =   ----    ----
   PDATA SIZE       =   ----    ----
   DATA SIZE        =     20    ----
   IDATA SIZE       =   ----    ----
   BIT SIZE         =   ----    ----
END OF MODULE INFORMATION.


C51 COMPILATION COMPLETE.  1 WARNING(S),  0 ERROR(S)
