C51 COMPILER V9.57.0.0   __________                                                        10/26/2021 16:25:29 PAGE 1   


C51 COMPILER V9.57.0.0, COMPILATION OF MODULE __________
OBJECT MODULE PLACED IN 外中断实验.OBJ
COMPILER INVOKED BY: E:\APP\keil5\KEIL_5\C51\BIN\C51.EXE 外中断实验.c OPTIMIZE(8,SPEED) BROWSE DEBUG OBJECTEXTEND TABS(2
                    -)

line level    source

   1          /***************************************************************************
   2          实验名称： 外部中断实验
   3          
   4          实验模块:  51单片机核心板、发光管、拨码开关、轻触开关区
   5          
   6          实验接线： 51单片机核心板------发光管、拨码开关、轻触开关区
   7          
   8                      P1---------J4 
   9                      
  10                      P3.2---------K1
  11                      
  12          现象描述：按动一下K1，LED按照二进制加的方式熄灭
  13          
  14          更新时间：2017.10.17
  15          ***************************************************************************/
  16          
  17          #include<reg52.h> //添加库文件
  18          #include<stdio.h> 
  19          #define uint unsigned int
  20          #define uchar unsigned char
  21          uint flag = 0;
  22          
  23          void Timer0()//使用定时计数器所做的处理函数，用做定时器
  24          {
  25   1        TMOD=0x01;//定时器0，方式1
  26   1        TH0=0xFC;//定时1ms的初值
  27   1        TL0=0x18;//定时1ms的初值
  28   1        ET0=1;//打开定时计数器0使能控制位
  29   1        EA=1;//打开总中断
  30   1        TR0=1;//打开定时计数器0的启动控制位 
  31   1      }
  32          
  33          void main(void) 
  34          {      
  35   1        Timer0();//调用函数
  36   1        while(1)
  37   1        {
  38   2        }   
  39   1      }
  40          void ledxs()interrupt 1//中断执行内容函数,用定时器0编号为1
  41          {
  42   1        static unsigned int i=0;
  43   1        TH0=0xFC;//方式1不是自动重装，需要重新装载初值
  44   1        TL0=0x18; 
  45   1        i++;
  46   1        if(i==1000)//让LED灯过1s闪烁
  47   1        {
  48   2          P0 = 0x00;
  49   2        } 
  50   1        else if(i==2000)
  51   1        {
  52   2          P0 = 0xff;
  53   2          i=0;
  54   2        }
C51 COMPILER V9.57.0.0   __________                                                        10/26/2021 16:25:29 PAGE 2   

  55   1        
  56   1      }


MODULE INFORMATION:   STATIC OVERLAYABLE
   CODE SIZE        =     76    ----
   CONSTANT SIZE    =   ----    ----
   XDATA SIZE       =   ----    ----
   PDATA SIZE       =   ----    ----
   DATA SIZE        =      4    ----
   IDATA SIZE       =   ----    ----
   BIT SIZE         =   ----    ----
END OF MODULE INFORMATION.


C51 COMPILATION COMPLETE.  0 WARNING(S),  0 ERROR(S)
