C51 COMPILER V9.57.0.0   ____LED________                                                   11/02/2021 14:43:52 PAGE 1   


C51 COMPILER V9.57.0.0, COMPILATION OF MODULE ____LED________
OBJECT MODULE PLACED IN 阵列LED显示实验.OBJ
COMPILER INVOKED BY: E:\APP\keil5\KEIL_5\C51\BIN\C51.EXE 阵列LED显示实验.c OPTIMIZE(8,SPEED) BROWSE DEBUG OBJECTEXTEND T
                    -ABS(2)

line level    source

   1          
   2          /*
   3          ***************************************
   4                            LED点阵---循环显示唐
   5          ***************************************
   6          */
   7          
   8          #include<reg52.h>
   9          
  10          #define uint unsigned int
  11          #define uchar unsigned char
  12            
  13          uint code Tab[][32] = {
  14            {0x7f,0xfc,0xFF,0xFC,0x03,0x00,0xF3,0xFC,0x03,0xC0,0xF3,0xCC,0x03,0x00,0xF3,0xCC,
  15             0x03,0xC0,0xF3,0xFC,0x03,0xC0,0xC3,0xCF,0xC9,0xCF,0xC9,0xCF,0x0C,0xC0,0xCF,0xCF},/*"唐",0*/
  16          };
  17          
  18          uint  temp[32];
  19          
  20          void delay(uint t)
  21          {
  22   1        uchar i;
  23   1        for(;t>0;t++)
  24   1          for(i = 0;i<2;i++);
  25   1      }
  26          
  27          void main()
  28          {
  29   1        uchar i,j,a,b,d;
  30   1        uint k;
  31   1        for(i=0;i<31;i++)
  32   1        {
  33   2          temp[i] = Tab[0][i];
  34   2        }
  35   1        while(1)
  36   1        {
  37   2          for(i=0;i<16;i++)//循环的次数
  38   2          {
  39   3            /*
  40   3            for(d = 0;d<14;d++)//给存储数组赋值，
  41   3            {
  42   3              int tax,tay;
  43   3              tax = temp[d];
  44   3              tay = temp[d+1];
  45   3              temp[2*d] = temp[2*d+2];
  46   3              temp[2*d+1] = temp[2*d+3];
  47   3              temp[30] = tax;
  48   3              temp[31] = tay;
  49   3            }*/
  50   3            for(k=0;k<2;k++)
  51   3            {
  52   4              P1 = 0; //设置初值
  53   4              P3 = 0;
  54   4              a = 1;
C51 COMPILER V9.57.0.0   ____LED________                                                   11/02/2021 14:43:52 PAGE 2   

  55   4              b = 1;
  56   4              for(j =0;j<16;j++)//扫描点阵
  57   4              {
  58   5                P0 = temp[j*2];
  59   5                P2 = temp[j*2+1];
  60   5                if(j < 8)       //前八行设置哪一行显示
  61   5                {
  62   6                  P1 = P1|a;      //当前显示的那一行置高
  63   6                  delay(1);
  64   6                  P1 = P1&0;
  65   6                  a *= 2;
  66   6                }
  67   5                else          //后八行设置哪一行显示
  68   5                {
  69   6                  P3 = P1|b;      //当前显示的那一行置高
  70   6                  delay(1);
  71   6                  P3 = P3&0;
  72   6                  b *= 2; 
  73   6                }
  74   5              }
  75   4            }
  76   3          }
  77   2        }
  78   1      }
*** WARNING C280 IN LINE 29 OF 阵列LED显示实验.c: 'd': unreferenced local variable


MODULE INFORMATION:   STATIC OVERLAYABLE
   CODE SIZE        =    161    ----
   CONSTANT SIZE    =     64    ----
   XDATA SIZE       =   ----    ----
   PDATA SIZE       =   ----    ----
   DATA SIZE        =     64       1
   IDATA SIZE       =   ----    ----
   BIT SIZE         =   ----    ----
END OF MODULE INFORMATION.


C51 COMPILATION COMPLETE.  1 WARNING(S),  0 ERROR(S)
