C51 COMPILER V9.57.0.0   MAIN                                                              11/16/2021 17:27:03 PAGE 1   


C51 COMPILER V9.57.0.0, COMPILATION OF MODULE MAIN
OBJECT MODULE PLACED IN main.OBJ
COMPILER INVOKED BY: E:\APP\keil5\KEIL_5\C51\BIN\C51.EXE main.c OPTIMIZE(8,SPEED) BROWSE DEBUG OBJECTEXTEND TABS(2)

line level    source

   1          /***************************************************************************
   2          实验名称： 并行AD转换实验
   3          
   4          实验模块:  51单片机核心板、LED示区、并行A/D转换区
   5          
   6          实验接线：  51单片机核心板------并行A/D转换区
   7                     P0   ---------  J36
   8                     P3.0 --------- START
   9                     P3.1 --------- EOC  
  10                     P3.2 --------- OE 
  11                     P3.3 --------- ALE
  12                     
  13                51单片机核心板------LED示区
  14                     P1  ---------  J4  
  15                      
  16          现象描述：  转换结果直接以二进制形式在LED上显示。可调节电位器改变输入的模拟量
  17          
  18          更新时间：  2017.10.17
  19          ***************************************************************************/
  20          
  21          #include <reg52.H>
  22          
  23          #define DIGI P1       //宏定义，将1口定义为数码管段选接口
  24          #define SELECT P3         //宏定义，将P2定义为数码管选择口
  25          
  26          
  27          sbit START = P2^0;
  28          sbit EOC = P2^1;
  29          sbit OE  = P2^2;
  30          sbit CLK = P2^3;
  31          unsigned char getdata;
  32          unsigned char i=0;
  33          
  34          unsigned char m=0;
  35          unsigned char digivalue[]={0x3F,0x06,0x5B,0x4F,0x66,0x6D,0x7D,0x07,0x7f,0x6f};
  36          //uchar digivalue[]={0x3F,0x06,0x5B,0x4F,0x66,0x6D,0x7D,0x07};
  37          //显示的数字数组，依次为0，1，..，7
  38          unsigned char select[]={0x01,0x02,0x04,0x08,0x10,0x20,0x40,0x80}; //选择数码管数组，依次选择1，2，..，8
  39          unsigned char xianshi;
  40          
  41          /************************************************/
  42          //定时器初始化
  43          void init()
  44          {
  45   1              TMOD= 0x03;// 定时器0工作方式3
  46   1              TH0 = 0xff;// 定时器0赋初值
  47   1              TL0 = 0x00;
  48   1              TR0 = 1;
  49   1              ET0 = 1;
  50   1              EA  = 1;
  51   1      }
  52          
  53          /***********************************************/
  54          //软件延时产生ADC0809的时钟
  55          void clk() interrupt 1
C51 COMPILER V9.57.0.0   MAIN                                                              11/16/2021 17:27:03 PAGE 2   

  56          { 
  57   1        
  58   1              CLK=(~CLK);
  59   1          
  60   1        
  61   1      }
  62          
  63          
  64          /************************************************/
  65          //AD转换函数
  66          unsigned char ADC()
  67              {
  68   1           char value;
  69   1           START=0; 
  70   1           START=1;      //开始转换命令
  71   1           START=0;
  72   1           while(EOC==0);//等待转换结束
  73   1           OE=1;
  74   1           value=P0;
  75   1           OE=0;
  76   1               return value;
  77   1           }
  78          
  79          
  80          void delay() //延迟函数，决定数码管跳变的间隔时间
  81          { 
  82   1        int ii=500; //若发现数码管闪烁，调节这里即可
  83   1        while(ii--);
  84   1      }
  85               
  86               
  87               
  88          /************************************************/
  89          void main()
  90          {
  91   1          init();
  92   1          START = 1;       // ST端产生正脉冲
  93   1          START = 0;
  94   1          while(1)
  95   1        {
  96   2          
  97   2      
  98   2            xianshi=~ADC();//输出转换得到的数据
  99   2            xianshi=((xianshi+0.5)/68)*10;
 100   2          for(m=0;m<18;m++){
 101   3            for(i=0;i<2;i++)    //8个数码管轮流显示
 102   3            {
 103   4              switch(i)
 104   4              {
 105   5                case 0:SELECT=select[i]; DIGI=digivalue[xianshi%10];delay();break;
 106   5                case 1:SELECT=select[i]; DIGI=digivalue[(xianshi%100)/10];delay();break;
 107   5               
 108   5              }
 109   4              delay();
 110   4            }
 111   3          }
 112   2        }
 113   1      }


MODULE INFORMATION:   STATIC OVERLAYABLE
   CODE SIZE        =    190    ----
C51 COMPILER V9.57.0.0   MAIN                                                              11/16/2021 17:27:03 PAGE 3   

   CONSTANT SIZE    =   ----    ----
   XDATA SIZE       =   ----    ----
   PDATA SIZE       =   ----    ----
   DATA SIZE        =     22    ----
   IDATA SIZE       =   ----    ----
   BIT SIZE         =   ----    ----
END OF MODULE INFORMATION.


C51 COMPILATION COMPLETE.  0 WARNING(S),  0 ERROR(S)
