C51 COMPILER V9.00   ’_¡–LEDœ‘ æ µ—È                                                       10/22/2021 16:46:58 PAGE 1   


C51 COMPILER V9.00, COMPILATION OF MODULE ’_¡–LEDœ‘ æ µ—È
OBJECT MODULE PLACED IN ’Û¡–LEDœ‘ æ µ—È.OBJ
COMPILER INVOKED BY: C:\Keil_v5\C51\BIN\C51.EXE ’Û¡–LEDœ‘ æ µ—È.c OPTIMIZE(8,SPEED) BROWSE DEBUG OBJECTEXTEND TABS(2)

line level    source

   1          #include<reg52.h>
   2          #define uint unsigned int 
   3          #define uchar unsigned char
   4          
   5          uint code Tab[][96] = {
   6            {
   7              0xFF,0xFF,0xFF,0xFF,0xFF,0xFF,0xFF,0xFF,0xFF,0xFF,0xFF,0xFF,0xFF,0xFF,0xFF,0xFF,
   8             0xFF,0xFF,0xFF,0xFF,0xFF,0xFF,0xFF,0xFF,0xFF,0xFF,0xFF,0xFF,0xFF,0xFF,0xFF,0xFF,
   9              0xBF,0xFF,0x7F,0xFF,0x01,0x80,0xED,0xBB,0x76,0xD7,0x0B,0xE8,0x7F,0xFF,0x01,0xC0,
  10             0xDF,0xDE,0xB7,0xEE,0x6F,0xFF,0x00,0x80,0xBF,0xF9,0xDF,0xF7,0xE7,0xEF,0xF9,0xDF,
  11            0xFF,0xFF,0xFF,0xFF,0xFF,0xFF,0xFF,0xFF,0xFF,0xFF,0xFF,0xFF,0xFF,0xFF,0xFF,0xFF,
  12             0xFF,0xFF,0xFF,0xFF,0xFF,0xFF,0xFF,0xFF,0xFF,0xFF,0xFF,0xFF,0xFF,0xFF,0xFF,0xFF},
  13          
  14            };
  15          
  16          void mDelay(uint Delay) //—” ±
  17          { uchar i;
  18   1        for(;Delay > 0;Delay--)
  19   1          for(i = 0;i < 110;i++);
  20   1      }
  21          
  22          void main()       //÷˜∫Ø ˝
  23          {
  24   1        uchar i,j,a,b;
  25   1        uint k;
  26   1        while(1)
  27   1        { 
  28   2          for(i = 0;i < 32;i++)       //
  29   2          {
  30   3            for(k = 0;k < 10;k++)       //√ø“ª∏ˆ◊÷…®√Ëœ‘ æ100¥Œ
  31   3            {
  32   4              P1 = 0;             //…Ë÷√≥ı º÷µ
  33   4              P3 = 0;
  34   4              a = 1;
  35   4              b = 1;
  36   4              for(j = 0;j < 16;j++)     //…®√Ë16––µ„’Û
  37   4              {
  38   5                P0 = Tab[0][(j+i)*2];   //…®√Ë√ø“ª––µƒ«∞∞ÀŒª    —≠ª∑ ±∂‘ ˝◊ÈΩ¯––¥¶¿Ì £®j+i£©*/£¨ª·∑¢…˙ ˝◊È‘ΩΩÁ£¨+÷¡64º
             -¥ø…
  39   5                P2 = Tab[0][(j+i)*2+1];   //…®√Ë√ø“ª––µƒ∫Û∞ÀŒª   
  40   5                
  41   5                if(j < 8)       //«∞∞À––…Ë÷√ƒƒ“ª––œ‘ æ
  42   5                {
  43   6                  P1 = P1|a;      //µ±«∞œ‘ æµƒƒ«“ª––÷√∏ﬂ
  44   6                  mDelay(1);
  45   6                  P1 = P1&0;
  46   6                  a *= 2;
  47   6                }
  48   5                else          //∫Û∞À––…Ë÷√ƒƒ“ª––œ‘ æ
  49   5                {
  50   6                  P3 = P1|b;      //µ±«∞œ‘ æµƒƒ«“ª––÷√∏ﬂ
  51   6                  mDelay(1);
  52   6                  P3 = P3&0;
  53   6                  b *= 2; 
  54   6                }
C51 COMPILER V9.00   ’_¡–LEDœ‘ æ µ—È                                                       10/22/2021 16:46:58 PAGE 2   

  55   5              }       
  56   4            }
  57   3          }
  58   2          }
  59   1      }


MODULE INFORMATION:   STATIC OVERLAYABLE
   CODE SIZE        =    164    ----
   CONSTANT SIZE    =    192    ----
   XDATA SIZE       =   ----    ----
   PDATA SIZE       =   ----    ----
   DATA SIZE        =   ----       2
   IDATA SIZE       =   ----    ----
   BIT SIZE         =   ----    ----
END OF MODULE INFORMATION.


C51 COMPILATION COMPLETE.  0 WARNING(S),  0 ERROR(S)
