C51 COMPILER V9.00   LED2                                                                  10/29/2021 14:47:42 PAGE 1   


C51 COMPILER V9.00, COMPILATION OF MODULE LED2
OBJECT MODULE PLACED IN .\Objects\led2.obj
COMPILER INVOKED BY: C:\Keil_v5\C51\BIN\C51.EXE led2.c OPTIMIZE(8,SPEED) BROWSE DEBUG OBJECTEXTEND PRINT(.\Listings\led2
                    -.lst) TABS(2) OBJECT(.\Objects\led2.obj)

line level    source

   1          #include<intrins.h>
   2          #include<reg52.h>
   3          #define uchar unsigned char 
   4          #define uint unsigned int
   5          
   6          
   7          void mDelay(uint Delay)    //延时
   8          { uint i;
   9   1        for(;Delay > 0;Delay--)
  10   1          for(i = 0;i < 110;i++);
  11   1      }
  12          
  13          void main(void)
  14          {
  15   1        unsigned char a,i;
  16   1        while(1)
  17   1        {
  18   2          
  19   2          for(i = 0;i < 8;i++)        //流水灯一共8只，实现1到8只流水灯的循环
  20   2          {
  21   3            P1 = ~(0x01<<i);     
  22   3            mDelay(500);       
  23   3          }
  24   2          for(i = 0;i < 8;i++)        //流水灯一共8只，实现1到8只流水灯的循环
  25   2          {
  26   3            P1 = ~(0x80>>i);     
  27   3            mDelay(500);       
  28   3          }
  29   2        }
  30   1      }
*** WARNING C280 IN LINE 15 OF LED2.C: 'a': unreferenced local variable


MODULE INFORMATION:   STATIC OVERLAYABLE
   CODE SIZE        =     83    ----
   CONSTANT SIZE    =   ----    ----
   XDATA SIZE       =   ----    ----
   PDATA SIZE       =   ----    ----
   DATA SIZE        =   ----       1
   IDATA SIZE       =   ----    ----
   BIT SIZE         =   ----    ----
END OF MODULE INFORMATION.


C51 COMPILATION COMPLETE.  1 WARNING(S),  0 ERROR(S)
