C51 COMPILER V9.00   LED                                                                   10/15/2021 15:19:10 PAGE 1   


C51 COMPILER V9.00, COMPILATION OF MODULE LED
OBJECT MODULE PLACED IN .\Objects\led.obj
COMPILER INVOKED BY: C:\Keil_v5\C51\BIN\C51.EXE led.c OPTIMIZE(8,SPEED) BROWSE DEBUG OBJECTEXTEND PRINT(.\Listings\led.l
                    -st) TABS(2) OBJECT(.\Objects\led.obj)

line level    source

   1          #include<intrins.h>
   2          #include<reg52.h>
   3          #define uchar unsigned char 
   4          #define uint unsigned int
   5          
   6          void mDelay(uint Delay)    //延时
   7          { uint i;
   8   1        for(;Delay > 0;Delay--)
   9   1          for(i = 0;i < 110;i++);
  10   1      }
  11          
  12          void main(void)
  13          {
  14   1        unsigned char a,i;
  15   1        while(1)
  16   1        {
  17   2          a = 0xfe;
  18   2          for(i = 0;i < 8;i++)        //流水灯一共8只，实现1到8只流水灯的循环
  19   2          {
  20   3            P0 = _crol_(a,1);       //实现输出
  21   3            a = P0;
  22   3            mDelay(100);            //100ms的延迟
  23   3          }
  24   2        }
  25   1      }


MODULE INFORMATION:   STATIC OVERLAYABLE
   CODE SIZE        =     63    ----
   CONSTANT SIZE    =   ----    ----
   XDATA SIZE       =   ----    ----
   PDATA SIZE       =   ----    ----
   DATA SIZE        =   ----    ----
   IDATA SIZE       =   ----    ----
   BIT SIZE         =   ----    ----
END OF MODULE INFORMATION.


C51 COMPILATION COMPLETE.  0 WARNING(S),  0 ERROR(S)
