C51 COMPILER V9.57.0.0   ____LED________                                                   11/16/2021 17:54:24 PAGE 1   


C51 COMPILER V9.57.0.0, COMPILATION OF MODULE ____LED________
OBJECT MODULE PLACED IN ’Û¡–LEDœ‘ æ µ—È.OBJ
COMPILER INVOKED BY: E:\APP\keil5\KEIL_5\C51\BIN\C51.EXE ’Û¡–LEDœ‘ æ µ—È.c OPTIMIZE(8,SPEED) BROWSE DEBUG OBJECTEXTEND T
                    -ABS(2)

line level    source

   1          
   2          /*
   3          P0£¨P2Ω”°∞µ„’ÛLED°±µƒJ16°¢J17£®¡–£©£ªP1£¨P3Ω”°∞µ„’ÛLED°±µƒJ14°¢J15£®––£©
   4          »°ƒ££∫—Ù¬Î£¨÷––°£C51
   5          */
   6          #include<reg52.h>
   7          #define uint unsigned int 
   8          #define uchar unsigned char
   9          
  10          /*uint code Tab[][96] = {
  11            {
  12              0xFF,0xFF,0xFF,0xFF,0xFF,0xFF,0xFF,0xFF,0xFF,0xFF,0xFF,0xFF,0xFF,0xFF,0xFF,0xFF,
  13             0xFF,0xFF,0xFF,0xFF,0xFF,0xFF,0xFF,0xFF,0xFF,0xFF,0xFF,0xFF,0xFF,0xFF,0xFF,0xFF,
  14              0xBF,0xFF,0x7F,0xFF,0x01,0x80,0xED,0xBB,0x76,0xD7,0x0B,0xE8,0x7F,0xFF,0x01,0xC0,
  15             0xDF,0xDE,0xB7,0xEE,0x6F,0xFF,0x00,0x80,0xBF,0xF9,0xDF,0xF7,0xE7,0xEF,0xF9,0xDF,
  16            0xFF,0xFF,0xFF,0xFF,0xFF,0xFF,0xFF,0xFF,0xFF,0xFF,0xFF,0xFF,0xFF,0xFF,0xFF,0xFF,
  17             0xFF,0xFF,0xFF,0xFF,0xFF,0xFF,0xFF,0xFF,0xFF,0xFF,0xFF,0xFF,0xFF,0xFF,0xFF,0xFF},
  18          
  19            };*/
  20            uint code Tab[][128] = {
  21            {
  22              0xFF,0xFF,0xFF,0xFF,0xFF,0xFF,0xFF,0xFF,0xFF,0xFF,0xFF,0xFF,0xFF,0xFF,0xFF,0xFF,
  23            0xFF,0xFF,0xFF,0xFF,0xFF,0xFF,0xFF,0xFF,0xFF,0xFF,0xFF,0xFF,0xFF,0xFF,0xFF,0xFF,
  24            0x7F,0xFF,0xFF,0xFE,0x03,0x80,0xFB,0xFE,0x0B,0xE0,0xFB,0xEE,0x03,0x80,0xFB,0xEE,
  25            0x0B,0xE0,0xFB,0xFE,0x0B,0xE0,0xEB,0xEF,0xED,0xEF,0xED,0xEF,0x0E,0xE0,0xEF,0xEF,/*"Ã∆",0*/
  26            0x7F,0xFF,0xFF,0xFE,0x07,0xC0,0xF7,0xDF,0xF7,0xDF,0xF7,0xDF,0x07,0xC0,0xF7,0xFF,
  27            0xF7,0xFF,0xF7,0xFF,0x17,0xC0,0xDB,0xDF,0xDB,0xDF,0xDD,0xDF,0x1E,0xC0,0xDF,0xDF,/*"∆Ù",1*/
  28            0x7F,0xFF,0x7F,0xFF,0x7F,0xFF,0x01,0xC0,0x3F,0xFE,0x5F,0xFD,0x6F,0xFB,0x77,0xF7,
  29            0x7B,0xEF,0x7C,0x9F,0x7F,0xFF,0xFF,0xFF,0xDB,0xEE,0xBB,0xDD,0xBD,0xDD,0xFE,0xDF,/*"Ω‹",2*/
  30          
  31            }
  32          };//
  33          
  34          void mDelay(uint Delay) //—” ±
  35          { uchar i;
  36   1        for(;Delay > 0;Delay--)
  37   1          for(i = 0;i < 110;i++);
  38   1      }
  39          
  40          void main()       //÷˜∫Ø ˝
  41          {
  42   1        uchar i,j,a,b;
  43   1        uint k;
  44   1        while(1)
  45   1        { 
  46   2          for(i = 64;i>0;i--)       //
  47   2          {
  48   3            for(k = 0;k < 10;k++)       //√ø“ª∏ˆ◊÷…®√Ëœ‘ æ100¥Œ
  49   3            {
  50   4              P1 = 0;             //…Ë÷√≥ı º÷µ
  51   4              P3 = 0;
  52   4              a = 1;
  53   4              b = 1;
  54   4              for(j = 0;j < 16;j++)     //…®√Ë16––µ„’Û
C51 COMPILER V9.57.0.0   ____LED________                                                   11/16/2021 17:54:24 PAGE 2   

  55   4              {
  56   5                P0 = Tab[0][(j+i)*2];   //…®√Ë√ø“ª––µƒ«∞∞ÀŒª    —≠ª∑ ±∂‘ ˝◊ÈΩ¯––¥¶¿Ì £®j+i£©*/£¨ª·∑¢…˙ ˝◊È‘ΩΩÁ£¨+÷¡64º
             -¥ø…
  57   5                P2 = Tab[0][(j+i)*2+1];   //…®√Ë√ø“ª––µƒ∫Û∞ÀŒª   
  58   5                
  59   5                if(j < 8)       //«∞∞À––…Ë÷√ƒƒ“ª––œ‘ æ
  60   5                {
  61   6                  P1 = P1|a;      //µ±«∞œ‘ æµƒƒ«“ª––÷√∏ﬂ
  62   6                  mDelay(1);
  63   6                  P1 = P1&0;
  64   6                  a *= 2;
  65   6                }
  66   5                else          //∫Û∞À––…Ë÷√ƒƒ“ª––œ‘ æ
  67   5                {
  68   6                  P3 = P1|b;      //µ±«∞œ‘ æµƒƒ«“ª––÷√∏ﬂ
  69   6                  mDelay(1);
  70   6                  P3 = P3&0;
  71   6                  b *= 2; 
  72   6                }
  73   5              }       
  74   4            }
  75   3          }
  76   2          }
  77   1      }


MODULE INFORMATION:   STATIC OVERLAYABLE
   CODE SIZE        =    162    ----
   CONSTANT SIZE    =    256    ----
   XDATA SIZE       =   ----    ----
   PDATA SIZE       =   ----    ----
   DATA SIZE        =   ----       2
   IDATA SIZE       =   ----    ----
   BIT SIZE         =   ----    ----
END OF MODULE INFORMATION.


C51 COMPILATION COMPLETE.  0 WARNING(S),  0 ERROR(S)
