C51 COMPILER V9.00   MAIN                                                                  11/02/2021 17:37:08 PAGE 1   


C51 COMPILER V9.00, COMPILATION OF MODULE MAIN
OBJECT MODULE PLACED IN .\Objects\main.obj
COMPILER INVOKED BY: C:\Keil_v5\C51\BIN\C51.EXE main.c OPTIMIZE(8,SPEED) BROWSE DEBUG OBJECTEXTEND PRINT(.\Listings\main
                    -.lst) TABS(2) OBJECT(.\Objects\main.obj)

line level    source

   1          #include <STC89C5xRC.H>
   2          #include "SHOW.H"
   3          
   4          sbit START = P2^0;
   5          sbit EOC = P2^1;
   6          sbit OE  = P2^2;
   7          sbit CLK = P2^3;
   8          unsigned char getdata;
   9          unsigned char m_1;
  10          unsigned char m_2;
  11          unsigned char tmp;
  12          unsigned char sum;
  13          unsigned char m_3;
  14          
  15          void delay() //延迟函数，决定数码管跳变的间隔时间
  16          { 
  17   1        unsigned char ii=200; //若发现数码管闪烁，调节这里即可
  18   1        while(ii--);
  19   1      }
  20          
  21          /************************************************/
  22          //定时器初始化
  23          void init()
  24          {
  25   1              TMOD= 0x03;// 定时器0工作方式3
  26   1              TH0 = 0xff;// 定时器0赋初值
  27   1              TL0 = 0x00;
  28   1              TR0 = 1;
  29   1              ET0 = 1;
  30   1              EA  = 1;
  31   1      }
  32          
  33          /***********************************************/
  34          //软件延时产生ADC0809的时钟
  35          void clk() interrupt 1
  36          { 
  37   1              CLK=(~CLK);
  38   1      }
  39          
  40          
  41          /************************************************/
  42          //AD转换函数
  43          unsigned char ADC()
  44              {
  45   1             unsigned  char value;
  46   1           START=0; 
  47   1           START=1;      //开始转换命令
  48   1           START=0;
  49   1           while(EOC==0);//等待转换结束
  50   1           OE=1;
  51   1           value=P0;
  52   1           OE=0;
  53   1               return value;
  54   1           }
C51 COMPILER V9.00   MAIN                                                                  11/02/2021 17:37:08 PAGE 2   

  55          
  56          
  57          /************************************************/
  58          void main()
  59          {
  60   1          init();
  61   1          START = 1;       // ST端产生正脉冲
  62   1          START = 0;
  63   1          while(1)
  64   1        {
  65   2          tmp=~ADC();//输出转换得到的数据
  66   2          sum=tmp;
  67   2          m_1=sum/10;
  68   2          m_2=sum%10;
  69   2          show(6,m_2);delay();
  70   2          show(5,m_1);delay();
  71   2        }
  72   1      }
  73          


MODULE INFORMATION:   STATIC OVERLAYABLE
   CODE SIZE        =    105    ----
   CONSTANT SIZE    =   ----    ----
   XDATA SIZE       =   ----    ----
   PDATA SIZE       =   ----    ----
   DATA SIZE        =      6    ----
   IDATA SIZE       =   ----    ----
   BIT SIZE         =   ----    ----
END OF MODULE INFORMATION.


C51 COMPILATION COMPLETE.  0 WARNING(S),  0 ERROR(S)
