C51 COMPILER V9.00   SHOW                                                                  11/02/2021 16:50:58 PAGE 1   


C51 COMPILER V9.00, COMPILATION OF MODULE SHOW
OBJECT MODULE PLACED IN .\Objects\show.obj
COMPILER INVOKED BY: C:\Keil_v5\C51\BIN\C51.EXE ..\lianx\show.c OPTIMIZE(8,SPEED) BROWSE DEBUG OBJECTEXTEND PRINT(.\List
                    -ings\show.lst) TABS(2) OBJECT(.\Objects\show.obj)

line level    source

   1          #include <STC89C5xRC.H>
   2          #define DIGI P1         //宏定义，将P0口定义为数码管段选接口
   3          #define SELECT P3         //宏定义，将P2定义为数码管选择口
   4          
   5          unsigned char NUM[]={0x3F,0x06,0x5B,0x4F,0x66,0x6D,0x7D,0x07,0x7f,0x6f};
   6          unsigned char WEIZ[]={0x01,0x02,0x04,0x08,0x10,0x20,0x40,0x80};
   7          
   8          void show(unsigned char location,num)
   9          {
  10   1         switch(num){
  11   2           case 0:
  12   2             DIGI=NUM[0];break;
  13   2           case 1:
  14   2             DIGI=NUM[1];break; 
  15   2           case 2:
  16   2             DIGI=NUM[2];break;
  17   2           case 3:
  18   2             DIGI=NUM[3];break;
  19   2           case 4:
  20   2             DIGI=NUM[4];break;
  21   2           case 5:
  22   2             DIGI=NUM[5];break;
  23   2           case 6:
  24   2             DIGI=NUM[6];break;
  25   2           case 7:
  26   2             DIGI=NUM[7];break; 
  27   2           case 8:
  28   2             DIGI=NUM[8];break; 
  29   2           case 9:
  30   2             DIGI=NUM[9];break;      
  31   2         }
  32   1         switch(location){
  33   2            case 1:
  34   2              SELECT=WEIZ[0];break;
  35   2            case 2:
  36   2              SELECT=WEIZ[1];break;
  37   2            case 3:
  38   2              SELECT=WEIZ[2];break;
  39   2            case 4:
  40   2              SELECT=WEIZ[3];break;
  41   2            case 5:
  42   2              SELECT=WEIZ[4];break;
  43   2            case 6:
  44   2              SELECT=WEIZ[5];break;
  45   2            case 7:
  46   2              SELECT=WEIZ[6];break;
  47   2            case 8:
  48   2              SELECT=WEIZ[7];break;
  49   2         }
  50   1           
  51   1      }


MODULE INFORMATION:   STATIC OVERLAYABLE
C51 COMPILER V9.00   SHOW                                                                  11/02/2021 16:50:58 PAGE 2   

   CODE SIZE        =    171    ----
   CONSTANT SIZE    =   ----    ----
   XDATA SIZE       =   ----    ----
   PDATA SIZE       =   ----    ----
   DATA SIZE        =     18    ----
   IDATA SIZE       =   ----    ----
   BIT SIZE         =   ----    ----
END OF MODULE INFORMATION.


C51 COMPILATION COMPLETE.  0 WARNING(S),  0 ERROR(S)
