C51 COMPILER V9.57.0.0   AD                                                                11/16/2021 17:21:32 PAGE 1   


C51 COMPILER V9.57.0.0, COMPILATION OF MODULE AD
OBJECT MODULE PLACED IN .\Objects\AD.obj
COMPILER INVOKED BY: E:\APP\keil5\KEIL_5\C51\BIN\C51.EXE AD.c OPTIMIZE(8,SPEED) BROWSE DEBUG OBJECTEXTEND PRINT(.\Listin
                    -gs\AD.lst) TABS(2) OBJECT(.\Objects\AD.obj)

line level    source

   1          
   2          
   3          #include <reg52.H>
   4          #define uchar unsigned char   //宏定义，为方便编程
   5          #define uint unsigned int
   6          uchar showdata[2];
   7          #define DIGI P0         //宏定义，将P0口定义为数码管段选接口   j6
   8          #define SELECT P3         //宏定义，将P2定义为数码管选择口  j5
   9          
  10          uchar digivalue[]={0x3F,0x06,0x5B,0x4F,0x66,0x6D,0x7D,0x07,0x7F,0x6F,0x77,0x7C,0x39,0x5E,0x79,0x71};
  11          uchar select[]={0x01,0x02,0x04,0x08,0x10,0x20,0x40,0x80}; 
  12              uchar a;
  13              uchar u;
  14          
  15            
  16          void delay() //延迟函数，决定数码管跳变的间隔时间
  17          { 
  18   1        uchar ii=200; //若发现数码管闪烁，
  19   1        while(ii--);
  20   1      }
  21          
  22          
  23          sbit START = P2^0;
  24          sbit EOC = P2^1;
  25          sbit OE  = P2^2;
  26          sbit CLK = P2^3;
  27          
  28          void time1_init()
  29          {
  30   1        TMOD|=0x01;
  31   1        TH1=0xfc;
  32   1        TL1=0x18;
  33   1        ET1=1;
  34   1        EA=1;
  35   1        TR1=1;
  36   1      }
  37          /************************************************/
  38          //定时器初始化
  39          void init()
  40          {
  41   1              TMOD= 0x03;// 定时器0工作方式3
  42   1              TH0 = 0xff;// 定时器0赋初值
  43   1              TL0 = 0x00;
  44   1              TR0 = 1;
  45   1              ET0 = 1;
  46   1              EA  = 1;
  47   1      }
  48          /************************************************/
  49          //AD转换函数
  50          unsigned char ADC()
  51              {
  52   1           char value;
  53   1           START=0; 
  54   1           START=1;      //开始转换命令
C51 COMPILER V9.57.0.0   AD                                                                11/16/2021 17:21:32 PAGE 2   

  55   1           START=0;
  56   1           while(EOC==0);//等待转换结束
  57   1           OE=1;
  58   1           value=P1;
  59   1           OE=0;
  60   1           return value;
  61   1           }
  62          
  63          /***********************************************/
  64          //软件延时产生ADC0809的时钟
  65          void clk() interrupt 1
  66          { 
  67   1      
  68   1        CLK=(~CLK);
  69   1      
  70   1      }
  71          void time1() interrupt 3
  72          {
  73   1        uint i;
  74   1        TH1=0xfc;
  75   1        TL1=0x18;
  76   1        i++;
  77   1        if(i==10)
  78   1        {
  79   2          i=0;
  80   2         
  81   2        }
  82   1      
  83   1        
  84   1      }
  85          
  86          
  87          
  88          /************************************************/
  89          void display(uchar num)
  90          {
  91   1       uint i;
  92   1       
  93   1        showdata[0] = digivalue[num%10];
  94   1        showdata[1] = digivalue[num/10]|0x80;
  95   1        for(i=0;i<2;i++)
  96   1          {
  97   2              switch(i)
  98   2              {
  99   3                case 0:SELECT=select[i];DIGI=0x90;DIGI=showdata[i]; break;
 100   3                case 1:SELECT=select[i];DIGI=0x90;DIGI=showdata[i]; break;
 101   3              }
 102   2             delay();
 103   2            }
 104   1              /*SELECT=select[i];   //选择第i个数码管亮
 105   1                DIGI=0x90;
 106   1              DIGI=showdata[i];   //显示i */    
 107   1      
 108   1      }
 109          /**************************************************/
 110          void main()
 111          {   
 112   1      uint j;
 113   1          init();
 114   1      
 115   1          START = 1;       // ST端产生正脉冲
 116   1          START = 0;
C51 COMPILER V9.57.0.0   AD                                                                11/16/2021 17:21:32 PAGE 3   

 117   1         
 118   1          
 119   1        while(1)
 120   1        {
 121   2          
 122   2           a = ADC();
 123   2      for(j=0;j<100;j++)
 124   2          {
 125   3           u=((a+0.5)/68)*10;
 126   3          display(u);
 127   3          }
 128   2        
 129   2        }
 130   1      }


MODULE INFORMATION:   STATIC OVERLAYABLE
   CODE SIZE        =    239    ----
   CONSTANT SIZE    =   ----    ----
   XDATA SIZE       =   ----    ----
   PDATA SIZE       =   ----    ----
   DATA SIZE        =     28       4
   IDATA SIZE       =   ----    ----
   BIT SIZE         =   ----    ----
END OF MODULE INFORMATION.


C51 COMPILATION COMPLETE.  0 WARNING(S),  0 ERROR(S)
