C51 COMPILER V9.57.0.0   MAIN                                                              10/31/2021 11:21:35 PAGE 1   


C51 COMPILER V9.57.0.0, COMPILATION OF MODULE MAIN
OBJECT MODULE PLACED IN main.OBJ
COMPILER INVOKED BY: E:\APP\keil5\KEIL_5\C51\BIN\C51.EXE main.c OPTIMIZE(8,SPEED) BROWSE DEBUG OBJECTEXTEND TABS(2)

line level    source

   1          
   2          /***************************************************************************
   3          实验名称： 矩阵键盘读取实验
   4          
   5          ***************************************************************************/
   6          
   7          #include <reg52.h>               
   8          
   9          unsigned char  temp;
  10          unsigned char  key=0;         //键顺序码
  11          
  12          sbit  LCM_RS = P2^0;      //定义引脚
  13          sbit  LCM_RW = P2^1;
  14          sbit  LCM_E  = P2^2;
  15          
  16          #define LCM_Data P0
  17          #define Busy 0x80 //用于检测LCM状态字中的Busy标识
  18          unsigned char Code[]={'1','2','3','10','4','5','6','11','7','8','9','12','14','0','15','13'};
*** ERROR C101 IN LINE 18 OF main.c: ''1': invalid character constant
*** ERROR C141 IN LINE 18 OF main.c: syntax error near '0'
*** ERROR C101 IN LINE 18 OF main.c: ''}': invalid character constant
  19          
  20          /**********************************************************/
  21          //5ms延时
  22          void Delay5Ms(void)
  23          {
  24   1          unsigned int TempCyc = 5552;
  25   1          while(TempCyc--);
  26   1      }
  27          
  28          /**********************************************************/
  29          // 键扫描子程序
  30          void  keyscan(void)
  31           { 
  32   1          P1=0xF0;                //行线为输入，列线为输出，并置列线输出全为0
  33   1         temp=P1;               //读P1口       
  34   1          temp=temp&0xF0;
  35   1          temp=~((temp>>4)|0xF0);
  36   1          if(temp==1)
  37   1              key=0;
  38   1          else if(temp==2)
  39   1              key=1;
  40   1          else if(temp==4)
  41   1              key=2;
  42   1          else if(temp==8)
  43   1              key=3;
  44   1          P1=0x0F;                 //列线为输入，行线为输出，并置行线输出全为0  
  45   1          temp=P1;                //读P1口 
  46   1          temp=temp&0x0F;
  47   1          temp=~(temp|0xF0);        
  48   1          if(temp==1)
  49   1              key=key+0;
  50   1          else if(temp==2)
  51   1              key=key+4;
  52   1          else if(temp==4)
C51 COMPILER V9.57.0.0   MAIN                                                              10/31/2021 11:21:35 PAGE 2   

  53   1              key=key+8;
  54   1          else if(temp==8)
  55   1              key=key+12;
  56   1            
  57   1           dis_buf = key;              //键值入显示缓存
*** ERROR C202 IN LINE 57 OF main.c: 'dis_buf': undefined identifier
  58   1           dis_buf = dis_buf&0x0f;
*** ERROR C202 IN LINE 58 OF main.c: 'dis_buf': undefined identifier
  59   1      
  60   1         if(dis_buf>9)               //转换为ASCII码
*** ERROR C202 IN LINE 60 OF main.c: 'dis_buf': undefined identifier
  61   1            dis_buf = dis_buf+0x37;
*** ERROR C202 IN LINE 61 OF main.c: 'dis_buf': undefined identifier
  62   1          else
  63   1           dis_buf = dis_buf+0x30;
*** ERROR C202 IN LINE 63 OF main.c: 'dis_buf': undefined identifier
  64   1       }
  65          
  66          /*************************************************************/
  67          //判断键是否按下
  68          void  keydown(void)
  69           {  
  70   1          P1=0xF0;
  71   1         Delay5Ms();
  72   1        if(P1!=0xF0)
  73   1        {
  74   2          keyscan();
  75   2          }
  76   1       }
  77          
  78          /*************************************************************/
  79          // 主程序
  80          main()
  81           {
  82   1          unsigned char m;
  83   1          P0=0xFF;                    //置P0口
  84   1          P2=0xFF;                    //置P2口  
  85   1      
  86   1          while(1)
  87   1          { 
  88   2             keydown();
  89   2             P0 = key;  //key就是矩阵键盘读出来的值，二进制
  90   2          }
  91   1        }   
  92          
  93          /************************************************************/  

C51 COMPILATION COMPLETE.  0 WARNING(S),  8 ERROR(S)
