C51 COMPILER V9.57.0.0   ____LED________                                                   11/12/2021 16:27:51 PAGE 1   


C51 COMPILER V9.57.0.0, COMPILATION OF MODULE ____LED________
OBJECT MODULE PLACED IN ’Û¡–LEDœ‘ æ µ—È.OBJ
COMPILER INVOKED BY: E:\APP\keil5\KEIL_5\C51\BIN\C51.EXE ’Û¡–LEDœ‘ æ µ—È.c OPTIMIZE(8,SPEED) BROWSE DEBUG OBJECTEXTEND T
                    -ABS(2)

line level    source

   1          
   2          /*
   3          P0£¨P2Ω”°∞µ„’ÛLED°±µƒJ16°¢J17£®¡–£©£ªP1£¨P3Ω”°∞µ„’ÛLED°±µƒJ14°¢J15£®––£©
   4          */
   5          #include<reg52.h>
   6          #define uint unsigned int 
   7          #define uchar unsigned char
   8          
   9          /*uint code Tab[][96] = {
  10            {
  11              0xFF,0xFF,0xFF,0xFF,0xFF,0xFF,0xFF,0xFF,0xFF,0xFF,0xFF,0xFF,0xFF,0xFF,0xFF,0xFF,
  12             0xFF,0xFF,0xFF,0xFF,0xFF,0xFF,0xFF,0xFF,0xFF,0xFF,0xFF,0xFF,0xFF,0xFF,0xFF,0xFF,
  13              0xBF,0xFF,0x7F,0xFF,0x01,0x80,0xED,0xBB,0x76,0xD7,0x0B,0xE8,0x7F,0xFF,0x01,0xC0,
  14             0xDF,0xDE,0xB7,0xEE,0x6F,0xFF,0x00,0x80,0xBF,0xF9,0xDF,0xF7,0xE7,0xEF,0xF9,0xDF,
  15            0xFF,0xFF,0xFF,0xFF,0xFF,0xFF,0xFF,0xFF,0xFF,0xFF,0xFF,0xFF,0xFF,0xFF,0xFF,0xFF,
  16             0xFF,0xFF,0xFF,0xFF,0xFF,0xFF,0xFF,0xFF,0xFF,0xFF,0xFF,0xFF,0xFF,0xFF,0xFF,0xFF},
  17          
  18            };*/
  19            uint code Tab[][128] = {
  20            {
  21              
  22            0x7F,0xFF,0xFF,0xFE,0x03,0x80,0xFB,0xFE,0x0B,0xE0,0xFB,0xEE,0x03,0x80,0xFB,0xEE,
  23            0x0B,0xE0,0xFB,0xFE,0x0B,0xE0,0xEB,0xEF,0xED,0xEF,0xED,0xEF,0x0E,0xE0,0xEF,0xEF,/*"Ã∆",0*/
  24            0x7F,0xFF,0xFF,0xFE,0x07,0xC0,0xF7,0xDF,0xF7,0xDF,0xF7,0xDF,0x07,0xC0,0xF7,0xFF,
  25            0xF7,0xFF,0xF7,0xFF,0x17,0xC0,0xDB,0xDF,0xDB,0xDF,0xDD,0xDF,0x1E,0xC0,0xDF,0xDF,/*"∆Ù",1*/
  26            0x7F,0xFF,0x7F,0xFF,0x7F,0xFF,0x01,0xC0,0x3F,0xFE,0x5F,0xFD,0x6F,0xFB,0x77,0xF7,
  27            0x7B,0xEF,0x7C,0x9F,0x7F,0xFF,0xFF,0xFF,0xDB,0xEE,0xBB,0xDD,0xBD,0xDD,0xFE,0xDF,/*"Ω‹",2*/
  28              0xFF,0xFF,0xFF,0xFF,0xFF,0xFF,0xFF,0xFF,0xFF,0xFF,0xFF,0xFF,0xFF,0xFF,0xFF,0xFF,
  29             0xFF,0xFF,0xFF,0xFF,0xFF,0xFF,0xFF,0xFF,0xFF,0xFF,0xFF,0xFF,0xFF,0xFF,0xFF,0xFF
  30            }
  31          };
  32          
  33          void mDelay(uint Delay) //—” ±
  34          { uchar i;
  35   1        for(;Delay > 0;Delay--)
  36   1          for(i = 0;i < 110;i++);
  37   1      }
  38          
  39          void main()       //÷˜∫Ø ˝
  40          {
  41   1        uchar i,j,a,b;
  42   1        uint k;
  43   1        while(1)
  44   1        { 
  45   2          for(i = 0;i < 64;i++)       //
  46   2          {
  47   3            for(k = 0;k < 10;k++)       //√ø“ª∏ˆ◊÷…®√Ëœ‘ æ100¥Œ
  48   3            {
  49   4              P1 = 0;             //…Ë÷√≥ı º÷µ
  50   4              P3 = 0;
  51   4              a = 1;
  52   4              b = 1;
  53   4              for(j = 0;j < 16;j++)     //…®√Ë16––µ„’Û
  54   4              {
C51 COMPILER V9.57.0.0   ____LED________                                                   11/12/2021 16:27:51 PAGE 2   

  55   5                P0 = Tab[0][(j+i)*2];   //…®√Ë√ø“ª––µƒ«∞∞ÀŒª    —≠ª∑ ±∂‘ ˝◊ÈΩ¯––¥¶¿Ì £®j+i£©*/£¨ª·∑¢…˙ ˝◊È‘ΩΩÁ£¨+÷¡64º
             -¥ø…
  56   5                P2 = Tab[0][(j+i)*2+1];   //…®√Ë√ø“ª––µƒ∫Û∞ÀŒª   
  57   5                
  58   5                if(j < 8)       //«∞∞À––…Ë÷√ƒƒ“ª––œ‘ æ
  59   5                {
  60   6                  P1 = P1|a;      //µ±«∞œ‘ æµƒƒ«“ª––÷√∏ﬂ
  61   6                  mDelay(1);
  62   6                  P1 = P1&0;
  63   6                  a *= 2;
  64   6                }
  65   5                else          //∫Û∞À––…Ë÷√ƒƒ“ª––œ‘ æ
  66   5                {
  67   6                  P3 = P1|b;      //µ±«∞œ‘ æµƒƒ«“ª––÷√∏ﬂ
  68   6                  mDelay(1);
  69   6                  P3 = P3&0;
  70   6                  b *= 2; 
  71   6                }
  72   5              }       
  73   4            }
  74   3          }
  75   2          }
  76   1      }


MODULE INFORMATION:   STATIC OVERLAYABLE
   CODE SIZE        =    164    ----
   CONSTANT SIZE    =    256    ----
   XDATA SIZE       =   ----    ----
   PDATA SIZE       =   ----    ----
   DATA SIZE        =   ----       2
   IDATA SIZE       =   ----    ----
   BIT SIZE         =   ----    ----
END OF MODULE INFORMATION.


C51 COMPILATION COMPLETE.  0 WARNING(S),  0 ERROR(S)
