C51 COMPILER V9.57.0.0   TXT1                                                              09/22/2021 14:27:32 PAGE 1   


C51 COMPILER V9.57.0.0, COMPILATION OF MODULE TXT1
OBJECT MODULE PLACED IN .\Objects\txt1.obj
COMPILER INVOKED BY: E:\APP\keil5\KEIL_5\C51\BIN\C51.EXE txt1.c OPTIMIZE(8,SPEED) BROWSE DEBUG OBJECTEXTEND PRINT(.\List
                    -ings\txt1.lst) TABS(2) OBJECT(.\Objects\txt1.obj)

line level    source

   1          //#include "reg52.h"
   2          #include <reg51.h>
   3          
   4          sbit P20 = P2^0;
   5          
   6          
   7          void delay(int z)
   8          {
   9   1        int x,y;
  10   1        for(x = 0; x < z; x++)
  11   1          for(y = 0; y < 113; y++);
  12   1      }
  13          
  14          void main()
  15          {
  16   1        while(1)
  17   1        {
  18   2           int i;
  19   2           P1 = 0x01;
  20   2           delay(100);
  21   2          for(i = 0;i<8;i++)
  22   2          {
  23   3            P1 = P1<<1;
  24   3            delay(100);
  25   3          }
  26   2        }
  27   1      }


MODULE INFORMATION:   STATIC OVERLAYABLE
   CODE SIZE        =     87    ----
   CONSTANT SIZE    =   ----    ----
   XDATA SIZE       =   ----    ----
   PDATA SIZE       =   ----    ----
   DATA SIZE        =   ----       2
   IDATA SIZE       =   ----    ----
   BIT SIZE         =   ----    ----
END OF MODULE INFORMATION.


C51 COMPILATION COMPLETE.  0 WARNING(S),  0 ERROR(S)
